<?xml version="1.0" encoding="UTF-8"?>
<!-- Generated by org.testng.reporters.JUnitXMLReporter -->
<testsuite ignored="0" hostname="VDX2816" failures="1" tests="1" name="Validate Title" time="54.059" errors="0" timestamp="2021-06-08T16:09:31 NZST">
  <testcase classname="Academy.ValidateTitle" name="validateTitle" time="2.861">
    <failure type="junit.framework.ComparisonFailure" message="Featured course title matches expected:&amp;lt;...S&amp;gt; but was:&amp;lt;...&amp;gt;">
      <![CDATA[junit.framework.ComparisonFailure: Featured course title matches expected:<...S> but was:<...>
at junit.framework.Assert.assertEquals(Assert.java:81)
at Academy.ValidateTitle.validateTitle(ValidateTitle.java:31)
at java.base/java.util.ArrayList.forEach(ArrayList.java:1540)
at java.base/java.util.concurrent.FutureTask.run(FutureTask.java:264)
at java.base/java.util.concurrent.ThreadPoolExecutor.runWorker(ThreadPoolExecutor.java:1128)
at java.base/java.util.concurrent.ThreadPoolExecutor$Worker.run(ThreadPoolExecutor.java:628)
at java.base/java.lang.Thread.run(Thread.java:835)
... Removed 18 stack frames]]>
    </failure>
  </testcase> <!-- validateTitle -->
</testsuite> <!-- Validate Title -->
