<?xml version="1.0" encoding="UTF-8"?>
<testng-results ignored="0" total="4" passed="3" failed="1" skipped="0">
  <reporter-output>
  </reporter-output>
  <suite started-at="2021-05-21T19:05:44 NZST" name="Suite" finished-at="2021-05-21T19:06:32 NZST" duration-ms="48210">
    <groups>
    </groups>
    <test started-at="2021-05-21T19:05:44 NZST" name="App Test" finished-at="2021-05-21T19:05:44 NZST" duration-ms="11">
    </test> <!-- App Test -->
    <test started-at="2021-05-21T19:05:44 NZST" name="Test HomePage" finished-at="2021-05-21T19:06:31 NZST" duration-ms="46687">
      <class name="Academy.HomePage">
        <test-method is-config="true" signature="initialze()[pri:0, instance:Academy.HomePage@4b629f13]" started-at="2021-05-21T19:05:44 NZST" name="initialze" finished-at="2021-05-21T19:05:52 NZST" duration-ms="8378" status="PASS">
          <reporter-output>
          </reporter-output>
        </test-method> <!-- initialze -->
        <test-method signature="basePageNavigation(java.lang.String,java.lang.String,java.lang.String)[pri:0, instance:Academy.HomePage@4b629f13]" started-at="2021-05-21T19:05:52 NZST" name="basePageNavigation" data-provider="getData" finished-at="2021-05-21T19:06:13 NZST" duration-ms="20481" status="PASS">
          <params>
            <param index="0">
              <value>
                <![CDATA[nonrestricteduser@qw.com]]>
              </value>
            </param>
            <param index="1">
              <value>
                <![CDATA[123456]]>
              </value>
            </param>
            <param index="2">
              <value>
                <![CDATA[Non Restricted user]]>
              </value>
            </param>
          </params>
          <reporter-output>
          </reporter-output>
        </test-method> <!-- basePageNavigation -->
        <test-method signature="basePageNavigation(java.lang.String,java.lang.String,java.lang.String)[pri:0, instance:Academy.HomePage@4b629f13]" started-at="2021-05-21T19:06:13 NZST" name="basePageNavigation" data-provider="getData" finished-at="2021-05-21T19:06:20 NZST" duration-ms="6708" status="PASS">
          <params>
            <param index="0">
              <value>
                <![CDATA[restricteduser@qw.com]]>
              </value>
            </param>
            <param index="1">
              <value>
                <![CDATA[456789]]>
              </value>
            </param>
            <param index="2">
              <value>
                <![CDATA[Restricted user]]>
              </value>
            </param>
          </params>
          <reporter-output>
          </reporter-output>
        </test-method> <!-- basePageNavigation -->
        <test-method is-config="true" signature="teardown()[pri:0, instance:Academy.HomePage@4b629f13]" started-at="2021-05-21T19:06:20 NZST" name="teardown" finished-at="2021-05-21T19:06:31 NZST" duration-ms="11075" status="PASS">
          <reporter-output>
          </reporter-output>
        </test-method> <!-- teardown -->
      </class> <!-- Academy.HomePage -->
    </test> <!-- Test HomePage -->
    <test started-at="2021-05-21T19:05:44 NZST" name="Validate Title" finished-at="2021-05-21T19:06:31 NZST" duration-ms="47304">
      <class name="Academy.ValidateTitle">
        <test-method is-config="true" signature="initialze()[pri:0, instance:Academy.ValidateTitle@4d63b624]" started-at="2021-05-21T19:05:44 NZST" name="initialze" finished-at="2021-05-21T19:06:09 NZST" duration-ms="24693" status="PASS">
          <reporter-output>
          </reporter-output>
        </test-method> <!-- initialze -->
        <test-method signature="validateTitle()[pri:0, instance:Academy.ValidateTitle@4d63b624]" started-at="2021-05-21T19:06:09 NZST" name="validateTitle" finished-at="2021-05-21T19:06:09 NZST" duration-ms="565" status="FAIL">
          <exception class="junit.framework.ComparisonFailure">
            <message>
              <![CDATA[Featured course title matches expected:<...S> but was:<...>]]>
            </message>
            <full-stacktrace>
              <![CDATA[junit.framework.ComparisonFailure: Featured course title matches expected:<...S> but was:<...>
at junit.framework.Assert.assertEquals(Assert.java:81)
at Academy.ValidateTitle.validateTitle(ValidateTitle.java:31)
at java.base/jdk.internal.reflect.NativeMethodAccessorImpl.invoke0(Native Method)
at java.base/jdk.internal.reflect.NativeMethodAccessorImpl.invoke(NativeMethodAccessorImpl.java:62)
at java.base/jdk.internal.reflect.DelegatingMethodAccessorImpl.invoke(DelegatingMethodAccessorImpl.java:43)
at java.base/java.lang.reflect.Method.invoke(Method.java:567)
at org.testng.internal.MethodInvocationHelper.invokeMethod(MethodInvocationHelper.java:133)
at org.testng.internal.TestInvoker.invokeMethod(TestInvoker.java:598)
at org.testng.internal.TestInvoker.invokeTestMethod(TestInvoker.java:173)
at org.testng.internal.MethodRunner.runInSequence(MethodRunner.java:46)
at org.testng.internal.TestInvoker$MethodInvocationAgent.invoke(TestInvoker.java:824)
at org.testng.internal.TestInvoker.invokeTestMethods(TestInvoker.java:146)
at org.testng.internal.TestMethodWorker.invokeTestMethods(TestMethodWorker.java:146)
at org.testng.internal.TestMethodWorker.run(TestMethodWorker.java:128)
at java.base/java.util.ArrayList.forEach(ArrayList.java:1540)
at org.testng.TestRunner.privateRun(TestRunner.java:794)
at org.testng.TestRunner.run(TestRunner.java:596)
at org.testng.SuiteRunner.runTest(SuiteRunner.java:377)
at org.testng.SuiteRunner.access$000(SuiteRunner.java:28)
at org.testng.SuiteRunner$SuiteWorker.run(SuiteRunner.java:418)
at org.testng.internal.thread.ThreadUtil.lambda$execute$0(ThreadUtil.java:64)
at java.base/java.util.concurrent.FutureTask.run(FutureTask.java:264)
at java.base/java.util.concurrent.ThreadPoolExecutor.runWorker(ThreadPoolExecutor.java:1128)
at java.base/java.util.concurrent.ThreadPoolExecutor$Worker.run(ThreadPoolExecutor.java:628)
at java.base/java.lang.Thread.run(Thread.java:835)
]]>
            </full-stacktrace>
          </exception> <!-- junit.framework.ComparisonFailure -->
          <reporter-output>
          </reporter-output>
        </test-method> <!-- validateTitle -->
        <test-method is-config="true" signature="teardown()[pri:0, instance:Academy.ValidateTitle@4d63b624]" started-at="2021-05-21T19:06:10 NZST" name="teardown" finished-at="2021-05-21T19:06:31 NZST" duration-ms="21213" status="PASS">
          <reporter-output>
          </reporter-output>
        </test-method> <!-- teardown -->
      </class> <!-- Academy.ValidateTitle -->
    </test> <!-- Validate Title -->
    <test started-at="2021-05-21T19:05:44 NZST" name="ValidateNavigationBar" finished-at="2021-05-21T19:06:32 NZST" duration-ms="48209">
      <class name="Academy.ValidateNavigationBar">
        <test-method is-config="true" signature="initialze()[pri:0, instance:Academy.ValidateNavigationBar@67427b69]" started-at="2021-05-21T19:05:44 NZST" name="initialze" finished-at="2021-05-21T19:06:26 NZST" duration-ms="42462" status="PASS">
          <reporter-output>
          </reporter-output>
        </test-method> <!-- initialze -->
        <test-method signature="validateNavigation()[pri:0, instance:Academy.ValidateNavigationBar@67427b69]" started-at="2021-05-21T19:06:26 NZST" name="validateNavigation" finished-at="2021-05-21T19:06:27 NZST" duration-ms="100" status="PASS">
          <reporter-output>
          </reporter-output>
        </test-method> <!-- validateNavigation -->
        <test-method is-config="true" signature="teardown()[pri:0, instance:Academy.ValidateNavigationBar@67427b69]" started-at="2021-05-21T19:06:27 NZST" name="teardown" finished-at="2021-05-21T19:06:32 NZST" duration-ms="5638" status="PASS">
          <reporter-output>
          </reporter-output>
        </test-method> <!-- teardown -->
      </class> <!-- Academy.ValidateNavigationBar -->
    </test> <!-- ValidateNavigationBar -->
  </suite> <!-- Suite -->
</testng-results>
