-------------------------------------------------------------------------------
Test set: TestSuite
-------------------------------------------------------------------------------
Tests run: 4, Failures: 1, Errors: 0, Skipped: 0, Time elapsed: 50.986 s <<< FAILURE! - in TestSuite
Academy.ValidateTitle.validateTitle  Time elapsed: 0.558 s  <<< FAILURE!
junit.framework.ComparisonFailure: Featured course title matches expected:<...S> but was:<...>
	at Academy.ValidateTitle.validateTitle(ValidateTitle.java:31)

