<?xml version="1.0" encoding="UTF-8"?>
<testng-results ignored="0" total="4" passed="3" failed="1" skipped="0">
  <reporter-output>
  </reporter-output>
  <suite started-at="2021-06-08T16:08:37 NZST" name="Suite" finished-at="2021-06-08T16:09:32 NZST" duration-ms="54900">
    <groups>
    </groups>
    <test started-at="2021-06-08T16:08:37 NZST" name="App Test" finished-at="2021-06-08T16:08:37 NZST" duration-ms="18">
    </test> <!-- App Test -->
    <test started-at="2021-06-08T16:08:37 NZST" name="ValidateNavigationBar" finished-at="2021-06-08T16:09:31 NZST" duration-ms="53606">
      <class name="Academy.ValidateNavigationBar">
        <test-method is-config="true" signature="initialze()[pri:0, instance:Academy.ValidateNavigationBar@5a4bef8]" started-at="2021-06-08T16:08:37 NZST" name="initialze" finished-at="2021-06-08T16:09:19 NZST" duration-ms="41714" status="PASS">
          <reporter-output>
          </reporter-output>
        </test-method> <!-- initialze -->
        <test-method signature="validateNavigation()[pri:0, instance:Academy.ValidateNavigationBar@5a4bef8]" started-at="2021-06-08T16:09:19 NZST" name="validateNavigation" finished-at="2021-06-08T16:09:21 NZST" duration-ms="2232" status="PASS">
          <reporter-output>
          </reporter-output>
        </test-method> <!-- validateNavigation -->
        <test-method is-config="true" signature="teardown()[pri:0, instance:Academy.ValidateNavigationBar@5a4bef8]" started-at="2021-06-08T16:09:21 NZST" name="teardown" finished-at="2021-06-08T16:09:31 NZST" duration-ms="9639" status="PASS">
          <reporter-output>
          </reporter-output>
        </test-method> <!-- teardown -->
      </class> <!-- Academy.ValidateNavigationBar -->
    </test> <!-- ValidateNavigationBar -->
    <test started-at="2021-06-08T16:08:37 NZST" name="Validate Title" finished-at="2021-06-08T16:09:31 NZST" duration-ms="54059">
      <class name="Academy.ValidateTitle">
        <test-method is-config="true" signature="initialze()[pri:0, instance:Academy.ValidateTitle@29ad44e3]" started-at="2021-06-08T16:08:37 NZST" name="initialze" finished-at="2021-06-08T16:09:15 NZST" duration-ms="37690" status="PASS">
          <reporter-output>
          </reporter-output>
        </test-method> <!-- initialze -->
        <test-method signature="validateTitle()[pri:0, instance:Academy.ValidateTitle@29ad44e3]" started-at="2021-06-08T16:09:15 NZST" name="validateTitle" finished-at="2021-06-08T16:09:17 NZST" duration-ms="2861" status="FAIL">
          <exception class="junit.framework.ComparisonFailure">
            <message>
              <![CDATA[Featured course title matches expected:<...S> but was:<...>]]>
            </message>
            <full-stacktrace>
              <![CDATA[junit.framework.ComparisonFailure: Featured course title matches expected:<...S> but was:<...>
at junit.framework.Assert.assertEquals(Assert.java:81)
at Academy.ValidateTitle.validateTitle(ValidateTitle.java:31)
at java.base/jdk.internal.reflect.NativeMethodAccessorImpl.invoke0(Native Method)
at java.base/jdk.internal.reflect.NativeMethodAccessorImpl.invoke(NativeMethodAccessorImpl.java:62)
at java.base/jdk.internal.reflect.DelegatingMethodAccessorImpl.invoke(DelegatingMethodAccessorImpl.java:43)
at java.base/java.lang.reflect.Method.invoke(Method.java:567)
at org.testng.internal.MethodInvocationHelper.invokeMethod(MethodInvocationHelper.java:135)
at org.testng.internal.TestInvoker.invokeMethod(TestInvoker.java:598)
at org.testng.internal.TestInvoker.invokeTestMethod(TestInvoker.java:174)
at org.testng.internal.MethodRunner.runInSequence(MethodRunner.java:46)
at org.testng.internal.TestInvoker$MethodInvocationAgent.invoke(TestInvoker.java:821)
at org.testng.internal.TestInvoker.invokeTestMethods(TestInvoker.java:147)
at org.testng.internal.TestMethodWorker.invokeTestMethods(TestMethodWorker.java:146)
at org.testng.internal.TestMethodWorker.run(TestMethodWorker.java:128)
at java.base/java.util.ArrayList.forEach(ArrayList.java:1540)
at org.testng.TestRunner.privateRun(TestRunner.java:767)
at org.testng.TestRunner.run(TestRunner.java:588)
at org.testng.SuiteRunner.runTest(SuiteRunner.java:384)
at org.testng.SuiteRunner.access$000(SuiteRunner.java:28)
at org.testng.SuiteRunner$SuiteWorker.run(SuiteRunner.java:425)
at org.testng.internal.thread.ThreadUtil.lambda$execute$0(ThreadUtil.java:68)
at java.base/java.util.concurrent.FutureTask.run(FutureTask.java:264)
at java.base/java.util.concurrent.ThreadPoolExecutor.runWorker(ThreadPoolExecutor.java:1128)
at java.base/java.util.concurrent.ThreadPoolExecutor$Worker.run(ThreadPoolExecutor.java:628)
at java.base/java.lang.Thread.run(Thread.java:835)
]]>
            </full-stacktrace>
          </exception> <!-- junit.framework.ComparisonFailure -->
          <reporter-output>
          </reporter-output>
        </test-method> <!-- validateTitle -->
        <test-method is-config="true" signature="teardown()[pri:0, instance:Academy.ValidateTitle@29ad44e3]" started-at="2021-06-08T16:09:21 NZST" name="teardown" finished-at="2021-06-08T16:09:31 NZST" duration-ms="10416" status="PASS">
          <reporter-output>
          </reporter-output>
        </test-method> <!-- teardown -->
      </class> <!-- Academy.ValidateTitle -->
    </test> <!-- Validate Title -->
    <test started-at="2021-06-08T16:08:37 NZST" name="Test HomePage" finished-at="2021-06-08T16:09:32 NZST" duration-ms="54899">
      <class name="Academy.HomePage">
        <test-method is-config="true" signature="initialze()[pri:0, instance:Academy.HomePage@4362d7df]" started-at="2021-06-08T16:08:37 NZST" name="initialze" finished-at="2021-06-08T16:08:54 NZST" duration-ms="17009" status="PASS">
          <reporter-output>
          </reporter-output>
        </test-method> <!-- initialze -->
        <test-method signature="basePageNavigation(java.lang.String, java.lang.String, java.lang.String)[pri:0, instance:Academy.HomePage@4362d7df]" started-at="2021-06-08T16:08:54 NZST" name="basePageNavigation" data-provider="getData" finished-at="2021-06-08T16:09:22 NZST" duration-ms="28392" status="PASS">
          <params>
            <param index="0">
              <value>
                <![CDATA[nonrestricteduser@qw.com]]>
              </value>
            </param>
            <param index="1">
              <value>
                <![CDATA[123456]]>
              </value>
            </param>
            <param index="2">
              <value>
                <![CDATA[Non Restricted user]]>
              </value>
            </param>
          </params>
          <reporter-output>
          </reporter-output>
        </test-method> <!-- basePageNavigation -->
        <test-method signature="basePageNavigation(java.lang.String, java.lang.String, java.lang.String)[pri:0, instance:Academy.HomePage@4362d7df]" started-at="2021-06-08T16:09:22 NZST" name="basePageNavigation" data-provider="getData" finished-at="2021-06-08T16:09:28 NZST" duration-ms="5454" status="PASS">
          <params>
            <param index="0">
              <value>
                <![CDATA[restricteduser@qw.com]]>
              </value>
            </param>
            <param index="1">
              <value>
                <![CDATA[456789]]>
              </value>
            </param>
            <param index="2">
              <value>
                <![CDATA[Restricted user]]>
              </value>
            </param>
          </params>
          <reporter-output>
          </reporter-output>
        </test-method> <!-- basePageNavigation -->
        <test-method is-config="true" signature="teardown()[pri:0, instance:Academy.HomePage@4362d7df]" started-at="2021-06-08T16:09:28 NZST" name="teardown" finished-at="2021-06-08T16:09:32 NZST" duration-ms="3978" status="PASS">
          <reporter-output>
          </reporter-output>
        </test-method> <!-- teardown -->
      </class> <!-- Academy.HomePage -->
    </test> <!-- Test HomePage -->
  </suite> <!-- Suite -->
</testng-results>
